<?xml version="1.0" encoding="UTF-8"?>
<testsuite name="com.spring.demo.DemoApplicationTests" tests="1" skipped="0" failures="0" errors="0" timestamp="2024-11-22T11:09:43" hostname="BOOK-1O454L6SKL" time="0.546">
  <properties/>
  <testcase name="contextLoads()" classname="com.spring.demo.DemoApplicationTests" time="0.546"/>
  <system-out><![CDATA[20:09:35.812 [Test worker] INFO org.springframework.test.context.support.AnnotationConfigContextLoaderUtils -- Could not detect default configuration classes for test class [com.spring.demo.DemoApplicationTests]: DemoApplicationTests does not declare any static, non-private, non-final, nested classes annotated with @Configuration.
20:09:35.951 [Test worker] INFO org.springframework.boot.test.context.SpringBootTestContextBootstrapper -- Found @SpringBootConfiguration com.spring.demo.Application for test class com.spring.demo.DemoApplicationTests

  .   ____          _            __ _ _
 /\\ / ___'_ __ _ _(_)_ __  __ _ \ \ \ \
( ( )\___ | '_ | '_| | '_ \/ _` | \ \ \ \
 \\/  ___)| |_)| | | | | || (_| |  ) ) ) )
  '  |____| .__|_| |_|_| |_\__, | / / / /
 =========|_|==============|___/=/_/_/_/

 :: Spring Boot ::                (v3.3.5)

2024-11-22T20:09:36.398+09:00  INFO 61316 --- [demo] [    Test worker] com.spring.demo.DemoApplicationTests     : Starting DemoApplicationTests using Java 17.0.13 with PID 61316 (started by ljh10 in C:\weroom\back\spring\demo)
2024-11-22T20:09:36.401+09:00  INFO 61316 --- [demo] [    Test worker] com.spring.demo.DemoApplicationTests     : No active profile set, falling back to 1 default profile: "default"
2024-11-22T20:09:37.465+09:00  INFO 61316 --- [demo] [    Test worker] .s.d.r.c.RepositoryConfigurationDelegate : Bootstrapping Spring Data JPA repositories in DEFAULT mode.
2024-11-22T20:09:37.536+09:00  INFO 61316 --- [demo] [    Test worker] .s.d.r.c.RepositoryConfigurationDelegate : Finished Spring Data repository scanning in 63 ms. Found 2 JPA repository interfaces.
2024-11-22T20:09:38.253+09:00  INFO 61316 --- [demo] [    Test worker] o.hibernate.jpa.internal.util.LogHelper  : HHH000204: Processing PersistenceUnitInfo [name: default]
2024-11-22T20:09:38.336+09:00  INFO 61316 --- [demo] [    Test worker] org.hibernate.Version                    : HHH000412: Hibernate ORM core version 6.5.3.Final
2024-11-22T20:09:38.388+09:00  INFO 61316 --- [demo] [    Test worker] o.h.c.internal.RegionFactoryInitiator    : HHH000026: Second-level cache disabled
2024-11-22T20:09:38.747+09:00  INFO 61316 --- [demo] [    Test worker] o.s.o.j.p.SpringPersistenceUnitInfo      : No LoadTimeWeaver setup: ignoring JPA class transformer
2024-11-22T20:09:38.788+09:00  INFO 61316 --- [demo] [    Test worker] com.zaxxer.hikari.HikariDataSource       : HikariPool-1 - Starting...
2024-11-22T20:09:39.143+09:00  INFO 61316 --- [demo] [    Test worker] com.zaxxer.hikari.pool.HikariPool        : HikariPool-1 - Added connection com.mysql.cj.jdbc.ConnectionImpl@26f480c6
2024-11-22T20:09:39.148+09:00  INFO 61316 --- [demo] [    Test worker] com.zaxxer.hikari.HikariDataSource       : HikariPool-1 - Start completed.
2024-11-22T20:09:39.208+09:00  WARN 61316 --- [demo] [    Test worker] org.hibernate.orm.deprecation            : HHH90000025: MySQLDialect does not need to be specified explicitly using 'hibernate.dialect' (remove the property setting and it will be selected by default)
2024-11-22T20:09:40.664+09:00  INFO 61316 --- [demo] [    Test worker] o.h.e.t.j.p.i.JtaPlatformInitiator       : HHH000489: No JTA platform available (set 'hibernate.transaction.jta.platform' to enable JTA platform integration)
2024-11-22T20:09:40.750+09:00  INFO 61316 --- [demo] [    Test worker] j.LocalContainerEntityManagerFactoryBean : Initialized JPA EntityManagerFactory for persistence unit 'default'
2024-11-22T20:09:41.834+09:00  INFO 61316 --- [demo] [    Test worker] r$InitializeUserDetailsManagerConfigurer : Global AuthenticationManager configured with UserDetailsService bean with name inMemoryUserDetailsManager
2024-11-22T20:09:43.826+09:00  INFO 61316 --- [demo] [    Test worker] o.s.m.s.b.SimpleBrokerMessageHandler     : Starting...
2024-11-22T20:09:43.828+09:00  INFO 61316 --- [demo] [    Test worker] o.s.m.s.b.SimpleBrokerMessageHandler     : BrokerAvailabilityEvent[available=true, SimpleBrokerMessageHandler [org.springframework.messaging.simp.broker.DefaultSubscriptionRegistry@1d4ee7d7]]
2024-11-22T20:09:43.830+09:00  INFO 61316 --- [demo] [    Test worker] o.s.m.s.b.SimpleBrokerMessageHandler     : Started.
2024-11-22T20:09:43.855+09:00  INFO 61316 --- [demo] [    Test worker] com.spring.demo.DemoApplicationTests     : Started DemoApplicationTests in 7.717 seconds (process running for 14.992)
]]></system-out>
  <system-err><![CDATA[]]></system-err>
</testsuite>
