<?xml version="1.0" encoding="UTF-8"?>
<testsuite name="com.spring.demo.DemoApplicationTests" tests="1" skipped="0" failures="0" errors="0" timestamp="2024-11-14T02:17:51" hostname="BOOK-1O454L6SKL" time="0.595">
  <properties/>
  <testcase name="contextLoads()" classname="com.spring.demo.DemoApplicationTests" time="0.595"/>
  <system-out><![CDATA[11:17:44.796 [Test worker] INFO org.springframework.test.context.support.AnnotationConfigContextLoaderUtils -- Could not detect default configuration classes for test class [com.spring.demo.DemoApplicationTests]: DemoApplicationTests does not declare any static, non-private, non-final, nested classes annotated with @Configuration.
11:17:44.921 [Test worker] INFO org.springframework.boot.test.context.SpringBootTestContextBootstrapper -- Found @SpringBootConfiguration com.spring.demo.Application for test class com.spring.demo.DemoApplicationTests

  .   ____          _            __ _ _
 /\\ / ___'_ __ _ _(_)_ __  __ _ \ \ \ \
( ( )\___ | '_ | '_| | '_ \/ _` | \ \ \ \
 \\/  ___)| |_)| | | | | || (_| |  ) ) ) )
  '  |____| .__|_| |_|_| |_\__, | / / / /
 =========|_|==============|___/=/_/_/_/

 :: Spring Boot ::                (v3.3.5)

2024-11-14T11:17:45.305+09:00  INFO 33124 --- [demo] [    Test worker] com.spring.demo.DemoApplicationTests     : Starting DemoApplicationTests using Java 17.0.13 with PID 33124 (started by ljh10 in C:\weroom\back\spring\demo)
2024-11-14T11:17:45.305+09:00  INFO 33124 --- [demo] [    Test worker] com.spring.demo.DemoApplicationTests     : No active profile set, falling back to 1 default profile: "default"
2024-11-14T11:17:46.129+09:00  INFO 33124 --- [demo] [    Test worker] .s.d.r.c.RepositoryConfigurationDelegate : Bootstrapping Spring Data JPA repositories in DEFAULT mode.
2024-11-14T11:17:46.144+09:00  INFO 33124 --- [demo] [    Test worker] .s.d.r.c.RepositoryConfigurationDelegate : Finished Spring Data repository scanning in 18 ms. Found 0 JPA repository interfaces.
2024-11-14T11:17:46.679+09:00  INFO 33124 --- [demo] [    Test worker] com.zaxxer.hikari.HikariDataSource       : HikariPool-1 - Starting...
2024-11-14T11:17:47.086+09:00  INFO 33124 --- [demo] [    Test worker] com.zaxxer.hikari.pool.HikariPool        : HikariPool-1 - Added connection com.mysql.cj.jdbc.ConnectionImpl@3407aa4f
2024-11-14T11:17:47.086+09:00  INFO 33124 --- [demo] [    Test worker] com.zaxxer.hikari.HikariDataSource       : HikariPool-1 - Start completed.
2024-11-14T11:17:47.150+09:00  INFO 33124 --- [demo] [    Test worker] o.hibernate.jpa.internal.util.LogHelper  : HHH000204: Processing PersistenceUnitInfo [name: default]
2024-11-14T11:17:47.206+09:00  INFO 33124 --- [demo] [    Test worker] org.hibernate.Version                    : HHH000412: Hibernate ORM core version 6.5.3.Final
2024-11-14T11:17:47.306+09:00  INFO 33124 --- [demo] [    Test worker] o.h.c.internal.RegionFactoryInitiator    : HHH000026: Second-level cache disabled
2024-11-14T11:17:47.817+09:00  INFO 33124 --- [demo] [    Test worker] o.s.o.j.p.SpringPersistenceUnitInfo      : No LoadTimeWeaver setup: ignoring JPA class transformer
2024-11-14T11:17:48.293+09:00  INFO 33124 --- [demo] [    Test worker] o.h.e.t.j.p.i.JtaPlatformInitiator       : HHH000489: No JTA platform available (set 'hibernate.transaction.jta.platform' to enable JTA platform integration)
2024-11-14T11:17:48.308+09:00  INFO 33124 --- [demo] [    Test worker] j.LocalContainerEntityManagerFactoryBean : Initialized JPA EntityManagerFactory for persistence unit 'default'
2024-11-14T11:17:50.960+09:00  WARN 33124 --- [demo] [    Test worker] .s.s.UserDetailsServiceAutoConfiguration : 

Using generated security password: 52f2f60e-50aa-4a59-a1d9-e87012977121

This generated password is for development use only. Your security configuration must be updated before running your application in production.

2024-11-14T11:17:51.013+09:00  INFO 33124 --- [demo] [    Test worker] r$InitializeUserDetailsManagerConfigurer : Global AuthenticationManager configured with UserDetailsService bean with name inMemoryUserDetailsManager
2024-11-14T11:17:51.245+09:00  INFO 33124 --- [demo] [    Test worker] com.spring.demo.DemoApplicationTests     : Started DemoApplicationTests in 6.15 seconds (process running for 8.423)
]]></system-out>
  <system-err><![CDATA[]]></system-err>
</testsuite>
